<?xml version="1.0" encoding="UTF-8" ?>
<testsuites>
<testsuite name="A suite" errors="0" tests="1" failures="1" time="0.008" timestamp="2016-09-15T23:21:18">
  <testcase classname="A suite" name="contains spec with an expectation" time="0.006"><failure type="expect" message="TypeError: jasmine.addMatchers is not a function">TypeError: jasmine.addMatchers is not a function
    at null.&amp;lt;anonymous&amp;gt; (/Volumes/STUDY/projects/ds/spec/helpers/jasmine_examples/SpecHelper.js:2:11)
    at jasmine.Block.execute (/Volumes/STUDY/projects/ds/node_modules/jasmine-node/lib/jasmine-node/jasmine-1.3.1.js:1145:17)
    at jasmine.Queue.next_ (/Volumes/STUDY/projects/ds/node_modules/jasmine-node/lib/jasmine-node/jasmine-1.3.1.js:2177:31)
    at jasmine.Queue.start (/Volumes/STUDY/projects/ds/node_modules/jasmine-node/lib/jasmine-node/jasmine-1.3.1.js:2130:8)
    at jasmine.Spec.execute (/Volumes/STUDY/projects/ds/node_modules/jasmine-node/lib/jasmine-node/jasmine-1.3.1.js:2458:14)
    at jasmine.Queue.next_ (/Volumes/STUDY/projects/ds/node_modules/jasmine-node/lib/jasmine-node/jasmine-1.3.1.js:2177:31)
    at jasmine.Queue.start (/Volumes/STUDY/projects/ds/node_modules/jasmine-node/lib/jasmine-node/jasmine-1.3.1.js:2130:8)
    at jasmine.Suite.execute (/Volumes/STUDY/projects/ds/node_modules/jasmine-node/lib/jasmine-node/jasmine-1.3.1.js:2604:14)
    at jasmine.Queue.next_ (/Volumes/STUDY/projects/ds/node_modules/jasmine-node/lib/jasmine-node/jasmine-1.3.1.js:2177:31)
    at jasmine.Queue.start (/Volumes/STUDY/projects/ds/node_modules/jasmine-node/lib/jasmine-node/jasmine-1.3.1.js:2130:8)</failure><failure type="expect" message="Expected false to be true.">Error: Expected false to be true.
    at new jasmine.ExpectationResult (/Volumes/STUDY/projects/ds/node_modules/jasmine-node/lib/jasmine-node/jasmine-1.3.1.js:114:32)
    at null.toBe (/Volumes/STUDY/projects/ds/node_modules/jasmine-node/lib/jasmine-node/jasmine-1.3.1.js:1316:29)
    at null.&amp;lt;anonymous&amp;gt; (/Volumes/STUDY/projects/ds/spec/utilSpec.js:6:20)
    at jasmine.Block.execute (/Volumes/STUDY/projects/ds/node_modules/jasmine-node/lib/jasmine-node/jasmine-1.3.1.js:1145:17)
    at jasmine.Queue.next_ (/Volumes/STUDY/projects/ds/node_modules/jasmine-node/lib/jasmine-node/jasmine-1.3.1.js:2177:31)
    at null._onTimeout (/Volumes/STUDY/projects/ds/node_modules/jasmine-node/lib/jasmine-node/jasmine-1.3.1.js:2167:18)
    at Timer.listOnTimeout (timers.js:92:15)</failure></testcase>
</testsuite>
</testsuites>